<?xml version="1.0" encoding="UTF-8"?>
<testng-results skipped="0" failed="0" ignored="0" total="1" passed="1">
  <reporter-output>
  </reporter-output>
  <suite name="Default suite" duration-ms="18787" started-at="2019-11-02T14:01:10Z" finished-at="2019-11-02T14:01:29Z">
    <groups>
    </groups>
    <test name="Default test" duration-ms="18787" started-at="2019-11-02T14:01:10Z" finished-at="2019-11-02T14:01:29Z">
      <class name="BigBinary.Tests.Sign">
        <test-method status="PASS" signature="application_signup()[pri:0, instance:BigBinary.Tests.Sign@4f933fd1]" name="application_signup" duration-ms="18757" started-at="2019-11-02T19:31:10Z" finished-at="2019-11-02T19:31:29Z">
          <reporter-output>
          </reporter-output>
        </test-method> <!-- application_signup -->
      </class> <!-- BigBinary.Tests.Sign -->
    </test> <!-- Default test -->
  </suite> <!-- Default suite -->
</testng-results>
